[2026-01-06T00:37:59.818405+00:00] grav.DEBUG: Flex: User index updated, 1 objects (1 added, 0 updated, 0 removed). [] []
[2026-01-06T00:37:59.848629+00:00] grav.DEBUG: [SafeUpgrade] Safe upgrade job context cleared [] []
[2026-01-06T00:37:59.848682+00:00] grav.DEBUG: [Admin] Tools before restore grav: backups,scheduler,logs,reports,direct-install [] []
[2026-01-06T00:37:59.848698+00:00] grav.DEBUG: [Admin] Tools after register: backups,scheduler,logs,reports,direct-install [] []
[2026-01-06T00:38:02.033103+00:00] grav.DEBUG: [SafeUpgrade] Safe upgrade job context cleared [] []
[2026-01-06T00:38:02.033504+00:00] grav.DEBUG: [Admin] Tools before restore grav: backups,scheduler,logs,reports,direct-install [] []
[2026-01-06T00:38:02.033552+00:00] grav.DEBUG: [Admin] Tools after register: backups,scheduler,logs,reports,direct-install [] []
[2026-01-06T00:38:06.659558+00:00] grav.DEBUG: [SafeUpgrade] Safe upgrade job context cleared [] []
[2026-01-06T00:38:06.659776+00:00] grav.DEBUG: [Admin] Tools before restore grav: backups,scheduler,logs,reports,direct-install [] []
[2026-01-06T00:38:06.659807+00:00] grav.DEBUG: [Admin] Tools after register: backups,scheduler,logs,reports,direct-install [] []
[2026-01-06T00:38:26.665752+00:00] grav.DEBUG: [SafeUpgrade] Safe upgrade job context cleared [] []
[2026-01-06T00:38:26.666098+00:00] grav.DEBUG: [Admin] Tools before restore grav: backups,scheduler,logs,reports,direct-install [] []
[2026-01-06T00:38:26.666142+00:00] grav.DEBUG: [Admin] Tools after register: backups,scheduler,logs,reports,direct-install [] []
[2026-01-06T00:38:46.654274+00:00] grav.DEBUG: [SafeUpgrade] Safe upgrade job context cleared [] []
[2026-01-06T00:38:46.654503+00:00] grav.DEBUG: [Admin] Tools before restore grav: backups,scheduler,logs,reports,direct-install [] []
[2026-01-06T00:38:46.654526+00:00] grav.DEBUG: [Admin] Tools after register: backups,scheduler,logs,reports,direct-install [] []
[2026-01-06T00:38:50.161773+00:00] grav.DEBUG: [SafeUpgrade] Safe upgrade job context cleared [] []
[2026-01-06T00:38:50.161908+00:00] grav.DEBUG: [Admin] Tools before restore grav: backups,scheduler,logs,reports,direct-install [] []
[2026-01-06T00:38:50.161926+00:00] grav.DEBUG: [Admin] Tools after register: backups,scheduler,logs,reports,direct-install [] []
[2026-01-06T00:38:50.419089+00:00] grav.DEBUG: [SafeUpgrade] Safe upgrade job context cleared [] []
[2026-01-06T00:38:50.419223+00:00] grav.DEBUG: [Admin] Tools before restore grav: backups,scheduler,logs,reports,direct-install [] []
[2026-01-06T00:38:50.419241+00:00] grav.DEBUG: [Admin] Tools after register: backups,scheduler,logs,reports,direct-install [] []
[2026-01-06T00:39:06.668385+00:00] grav.DEBUG: [SafeUpgrade] Safe upgrade job context cleared [] []
[2026-01-06T00:39:06.668623+00:00] grav.DEBUG: [Admin] Tools before restore grav: backups,scheduler,logs,reports,direct-install [] []
[2026-01-06T00:39:06.668653+00:00] grav.DEBUG: [Admin] Tools after register: backups,scheduler,logs,reports,direct-install [] []
[2026-01-06T00:39:26.648547+00:00] grav.DEBUG: [SafeUpgrade] Safe upgrade job context cleared [] []
[2026-01-06T00:39:26.648715+00:00] grav.DEBUG: [Admin] Tools before restore grav: backups,scheduler,logs,reports,direct-install [] []
[2026-01-06T00:39:26.648732+00:00] grav.DEBUG: [Admin] Tools after register: backups,scheduler,logs,reports,direct-install [] []
[2026-01-06T00:39:46.666819+00:00] grav.DEBUG: [SafeUpgrade] Safe upgrade job context cleared [] []
[2026-01-06T00:39:46.667216+00:00] grav.DEBUG: [Admin] Tools before restore grav: backups,scheduler,logs,reports,direct-install [] []
[2026-01-06T00:39:46.667250+00:00] grav.DEBUG: [Admin] Tools after register: backups,scheduler,logs,reports,direct-install [] []
[2026-01-06T00:40:06.649788+00:00] grav.DEBUG: [SafeUpgrade] Safe upgrade job context cleared [] []
[2026-01-06T00:40:06.649924+00:00] grav.DEBUG: [Admin] Tools before restore grav: backups,scheduler,logs,reports,direct-install [] []
[2026-01-06T00:40:06.649942+00:00] grav.DEBUG: [Admin] Tools after register: backups,scheduler,logs,reports,direct-install [] []
[2026-01-06T00:40:27.240558+00:00] grav.DEBUG: [Admin] Tools before restore grav: backups,scheduler,logs,reports,direct-install [] []
[2026-01-06T00:40:27.241831+00:00] grav.DEBUG: [Admin] Restore Grav tool enabled [] []
[2026-01-06T00:40:27.241853+00:00] grav.DEBUG: [Admin] Tools after register: backups,scheduler,logs,reports,direct-install,restore-grav [] []
[2026-01-06 00:51:12] grav.DEBUG: Flex: User index updated, 3 objects (1 added, 2 updated, 0 removed). [] []
[2026-01-06T01:03:26.418032+00:00] grav.DEBUG: [Admin] Tools before restore grav: backups,scheduler,logs,reports,direct-install [] []
[2026-01-06T01:03:26.419193+00:00] grav.DEBUG: [Admin] Restore Grav tool enabled [] []
[2026-01-06T01:03:26.419210+00:00] grav.DEBUG: [Admin] Tools after register: backups,scheduler,logs,reports,direct-install,restore-grav [] []
[2026-01-06T01:03:26.895498+00:00] grav.DEBUG: [Admin] Tools before restore grav: backups,scheduler,logs,reports,direct-install [] []
[2026-01-06T01:03:26.895660+00:00] grav.DEBUG: [Admin] Restore Grav tool enabled [] []
[2026-01-06T01:03:26.895677+00:00] grav.DEBUG: [Admin] Tools after register: backups,scheduler,logs,reports,direct-install,restore-grav [] []
[2026-01-06T01:03:59.466637+00:00] grav.DEBUG: [Admin] Tools before restore grav: backups,scheduler,logs,reports,direct-install [] []
[2026-01-06T01:03:59.467139+00:00] grav.DEBUG: [Admin] Restore Grav tool enabled [] []
[2026-01-06T01:03:59.467168+00:00] grav.DEBUG: [Admin] Tools after register: backups,scheduler,logs,reports,direct-install,restore-grav [] []
[2026-01-06T01:03:59.501243+00:00] grav.DEBUG: [Admin] Tools before restore grav: backups,scheduler,logs,reports,direct-install [] []
[2026-01-06T01:03:59.501334+00:00] grav.DEBUG: [Admin] Restore Grav tool enabled [] []
[2026-01-06T01:03:59.501350+00:00] grav.DEBUG: [Admin] Tools after register: backups,scheduler,logs,reports,direct-install,restore-grav [] []
[2026-01-06T01:03:59.806138+00:00] grav.DEBUG: [Admin] Tools before restore grav: backups,scheduler,logs,reports,direct-install [] []
[2026-01-06T01:03:59.806243+00:00] grav.DEBUG: [Admin] Restore Grav tool enabled [] []
[2026-01-06T01:03:59.806259+00:00] grav.DEBUG: [Admin] Tools after register: backups,scheduler,logs,reports,direct-install,restore-grav [] []
[2026-01-06T01:04:07.068380+00:00] grav.DEBUG: [Admin] Tools before restore grav: backups,scheduler,logs,reports,direct-install [] []
[2026-01-06T01:04:07.068510+00:00] grav.DEBUG: [Admin] Restore Grav tool enabled [] []
[2026-01-06T01:04:07.068526+00:00] grav.DEBUG: [Admin] Tools after register: backups,scheduler,logs,reports,direct-install,restore-grav [] []
[2026-01-06T01:04:07.248580+00:00] grav.DEBUG: [Admin] Tools before restore grav: backups,scheduler,logs,reports,direct-install [] []
[2026-01-06T01:04:07.248722+00:00] grav.DEBUG: [Admin] Restore Grav tool enabled [] []
[2026-01-06T01:04:07.248879+00:00] grav.DEBUG: [Admin] Tools after register: backups,scheduler,logs,reports,direct-install,restore-grav [] []
[2026-01-06T01:04:28.065432+00:00] grav.DEBUG: [Admin] Tools before restore grav: backups,scheduler,logs,reports,direct-install [] []
[2026-01-06T01:04:28.066780+00:00] grav.DEBUG: [Admin] Restore Grav tool enabled [] []
[2026-01-06T01:04:28.066805+00:00] grav.DEBUG: [Admin] Tools after register: backups,scheduler,logs,reports,direct-install,restore-grav [] []
[2026-01-06T01:04:28.285065+00:00] grav.DEBUG: [Admin] Tools before restore grav: backups,scheduler,logs,reports,direct-install [] []
[2026-01-06T01:04:28.285155+00:00] grav.DEBUG: [Admin] Restore Grav tool enabled [] []
[2026-01-06T01:04:28.285171+00:00] grav.DEBUG: [Admin] Tools after register: backups,scheduler,logs,reports,direct-install,restore-grav [] []
[2026-01-06T01:05:14.463323+00:00] grav.DEBUG: [Admin] Tools before restore grav: backups,scheduler,logs,reports,direct-install [] []
[2026-01-06T01:05:14.463607+00:00] grav.DEBUG: [Admin] Restore Grav tool enabled [] []
[2026-01-06T01:05:14.463631+00:00] grav.DEBUG: [Admin] Tools after register: backups,scheduler,logs,reports,direct-install,restore-grav [] []
[2026-01-06T01:05:14.919846+00:00] grav.DEBUG: [Admin] Tools before restore grav: backups,scheduler,logs,reports,direct-install [] []
[2026-01-06T01:05:14.919947+00:00] grav.DEBUG: [Admin] Restore Grav tool enabled [] []
[2026-01-06T01:05:14.919964+00:00] grav.DEBUG: [Admin] Tools after register: backups,scheduler,logs,reports,direct-install,restore-grav [] []
[2026-01-06T01:05:51.813323+00:00] grav.DEBUG: [Admin] Tools before restore grav: backups,scheduler,logs,reports,direct-install [] []
[2026-01-06T01:05:51.814031+00:00] grav.DEBUG: [Admin] Restore Grav tool enabled [] []
[2026-01-06T01:05:51.814076+00:00] grav.DEBUG: [Admin] Tools after register: backups,scheduler,logs,reports,direct-install,restore-grav [] []
[2026-01-06T01:05:52.025426+00:00] grav.DEBUG: [Admin] Tools before restore grav: backups,scheduler,logs,reports,direct-install [] []
[2026-01-06T01:05:52.025528+00:00] grav.DEBUG: [Admin] Restore Grav tool enabled [] []
[2026-01-06T01:05:52.025545+00:00] grav.DEBUG: [Admin] Tools after register: backups,scheduler,logs,reports,direct-install,restore-grav [] []
[2026-01-06T01:05:53.205965+00:00] grav.DEBUG: [Admin] Tools before restore grav: backups,scheduler,logs,reports,direct-install [] []
[2026-01-06T01:05:53.207289+00:00] grav.DEBUG: [Admin] Restore Grav tool enabled [] []
[2026-01-06T01:05:53.207411+00:00] grav.DEBUG: [Admin] Tools after register: backups,scheduler,logs,reports,direct-install,restore-grav [] []
[2026-01-06T01:05:53.562105+00:00] grav.DEBUG: [Admin] Tools before restore grav: backups,scheduler,logs,reports,direct-install [] []
[2026-01-06T01:05:53.562612+00:00] grav.DEBUG: [Admin] Restore Grav tool enabled [] []
[2026-01-06T01:05:53.562724+00:00] grav.DEBUG: [Admin] Tools after register: backups,scheduler,logs,reports,direct-install,restore-grav [] []
[2026-01-06T01:06:24.665243+00:00] grav.DEBUG: [Admin] Tools before restore grav: backups,scheduler,logs,reports,direct-install [] []
[2026-01-06T01:06:24.665587+00:00] grav.DEBUG: [Admin] Restore Grav tool enabled [] []
[2026-01-06T01:06:24.665611+00:00] grav.DEBUG: [Admin] Tools after register: backups,scheduler,logs,reports,direct-install,restore-grav [] []
[2026-01-06T01:06:24.684199+00:00] grav.CRITICAL: Declaration of GuzzleHttp\Psr7\Uri::getScheme() must be compatible with Psr\Http\Message\UriInterface::getScheme(): string - Trace: #0 /Users/syedaalin/Documents/Grav/vendor/filp/whoops/src/Whoops/Run.php(520): Whoops\Run->handleError(64, 'Declaration of ...', '/Users/syedaali...', 423) #1 /Users/syedaalin/Documents/Grav/system/src/Grav/Common/Errors/SystemFacade.php(43): Whoops\Run->handleShutdown() #2 [internal function]: Grav\Common\Errors\SystemFacade->handleShutdown() #3 {main} [] []
[2026-01-06T01:09:55.668116+00:00] grav.WARNING: Plugin 'webp.disabled' enabled but not found! Try clearing cache with `bin/grav clearcache` [] []
[2026-01-06T01:12:37.131336+00:00] grav.WARNING: Plugin 'webp.disabled' enabled but not found! Try clearing cache with `bin/grav clearcache` [] []
[2026-01-06T01:17:37.609154+00:00] grav.DEBUG: [Admin] Tools before restore grav: backups,scheduler,logs,reports,direct-install [] []
[2026-01-06T01:17:37.610800+00:00] grav.DEBUG: [Admin] Restore Grav tool enabled [] []
[2026-01-06T01:17:37.610818+00:00] grav.DEBUG: [Admin] Tools after register: backups,scheduler,logs,reports,direct-install,restore-grav [] []
[2026-01-06T01:17:40.609585+00:00] grav.DEBUG: [Admin] Tools before restore grav: backups,scheduler,logs,reports,direct-install [] []
[2026-01-06T01:17:40.609852+00:00] grav.DEBUG: [Admin] Restore Grav tool enabled [] []
[2026-01-06T01:17:40.609883+00:00] grav.DEBUG: [Admin] Tools after register: backups,scheduler,logs,reports,direct-install,restore-grav [] []
[2026-01-06T01:17:41.939076+00:00] grav.DEBUG: [Admin] Tools before restore grav: backups,scheduler,logs,reports,direct-install [] []
[2026-01-06T01:17:41.939480+00:00] grav.DEBUG: [Admin] Restore Grav tool enabled [] []
[2026-01-06T01:17:41.939559+00:00] grav.DEBUG: [Admin] Tools after register: backups,scheduler,logs,reports,direct-install,restore-grav [] []
[2026-01-06T01:17:42.216629+00:00] grav.DEBUG: [Admin] Tools before restore grav: backups,scheduler,logs,reports,direct-install [] []
[2026-01-06T01:17:42.216767+00:00] grav.DEBUG: [Admin] Restore Grav tool enabled [] []
[2026-01-06T01:17:42.216784+00:00] grav.DEBUG: [Admin] Tools after register: backups,scheduler,logs,reports,direct-install,restore-grav [] []
[2026-01-06T01:18:04.058380+00:00] grav.DEBUG: [Admin] Tools before restore grav: backups,scheduler,logs,reports,direct-install [] []
[2026-01-06T01:18:04.058663+00:00] grav.DEBUG: [Admin] Restore Grav tool enabled [] []
[2026-01-06T01:18:04.058681+00:00] grav.DEBUG: [Admin] Tools after register: backups,scheduler,logs,reports,direct-install,restore-grav [] []
[2026-01-06T01:18:04.085415+00:00] grav.DEBUG: [Admin] Tools before restore grav: backups,scheduler,logs,reports,direct-install [] []
[2026-01-06T01:18:04.085510+00:00] grav.DEBUG: [Admin] Restore Grav tool enabled [] []
[2026-01-06T01:18:04.085526+00:00] grav.DEBUG: [Admin] Tools after register: backups,scheduler,logs,reports,direct-install,restore-grav [] []
[2026-01-06T01:18:04.368930+00:00] grav.DEBUG: [Admin] Tools before restore grav: backups,scheduler,logs,reports,direct-install [] []
[2026-01-06T01:18:04.369042+00:00] grav.DEBUG: [Admin] Restore Grav tool enabled [] []
[2026-01-06T01:18:04.369059+00:00] grav.DEBUG: [Admin] Tools after register: backups,scheduler,logs,reports,direct-install,restore-grav [] []
[2026-01-06T01:18:11.093671+00:00] grav.DEBUG: [Admin] Tools before restore grav: backups,scheduler,logs,reports,direct-install [] []
[2026-01-06T01:18:11.094275+00:00] grav.DEBUG: [Admin] Restore Grav tool enabled [] []
[2026-01-06T01:18:11.094305+00:00] grav.DEBUG: [Admin] Tools after register: backups,scheduler,logs,reports,direct-install,restore-grav [] []
[2026-01-06T01:18:11.280881+00:00] grav.DEBUG: [Admin] Tools before restore grav: backups,scheduler,logs,reports,direct-install [] []
[2026-01-06T01:18:11.280988+00:00] grav.DEBUG: [Admin] Restore Grav tool enabled [] []
[2026-01-06T01:18:11.281005+00:00] grav.DEBUG: [Admin] Tools after register: backups,scheduler,logs,reports,direct-install,restore-grav [] []
[2026-01-06T01:18:40.504265+00:00] grav.DEBUG: [Admin] Tools before restore grav: backups,scheduler,logs,reports,direct-install [] []
[2026-01-06T01:18:40.504582+00:00] grav.DEBUG: [Admin] Restore Grav tool enabled [] []
[2026-01-06T01:18:40.504608+00:00] grav.DEBUG: [Admin] Tools after register: backups,scheduler,logs,reports,direct-install,restore-grav [] []
[2026-01-06T01:18:40.786687+00:00] grav.DEBUG: [Admin] Tools before restore grav: backups,scheduler,logs,reports,direct-install [] []
[2026-01-06T01:18:40.786810+00:00] grav.DEBUG: [Admin] Restore Grav tool enabled [] []
[2026-01-06T01:18:40.786828+00:00] grav.DEBUG: [Admin] Tools after register: backups,scheduler,logs,reports,direct-install,restore-grav [] []
[2026-01-06T01:18:55.441976+00:00] grav.DEBUG: [Admin] Tools before restore grav: backups,scheduler,logs,reports,direct-install [] []
[2026-01-06T01:18:55.442799+00:00] grav.DEBUG: [Admin] Restore Grav tool enabled [] []
[2026-01-06T01:18:55.443484+00:00] grav.DEBUG: [Admin] Tools after register: backups,scheduler,logs,reports,direct-install,restore-grav [] []
[2026-01-06T01:18:55.455230+00:00] grav.DEBUG: [Admin] Tools before restore grav: backups,scheduler,logs,reports,direct-install [] []
[2026-01-06T01:18:55.455264+00:00] grav.DEBUG: [Admin] Restore Grav tool enabled [] []
[2026-01-06T01:18:55.455278+00:00] grav.DEBUG: [Admin] Tools after register: backups,scheduler,logs,reports,direct-install,restore-grav [] []
[2026-01-06T01:18:55.684614+00:00] grav.DEBUG: [Admin] Tools before restore grav: backups,scheduler,logs,reports,direct-install [] []
[2026-01-06T01:18:55.684726+00:00] grav.DEBUG: [Admin] Restore Grav tool enabled [] []
[2026-01-06T01:18:55.684743+00:00] grav.DEBUG: [Admin] Tools after register: backups,scheduler,logs,reports,direct-install,restore-grav [] []
[2026-01-06T01:19:04.088172+00:00] grav.DEBUG: [Admin] Tools before restore grav: backups,scheduler,logs,reports,direct-install [] []
[2026-01-06T01:19:04.088437+00:00] grav.DEBUG: [Admin] Restore Grav tool enabled [] []
[2026-01-06T01:19:04.088458+00:00] grav.DEBUG: [Admin] Tools after register: backups,scheduler,logs,reports,direct-install,restore-grav [] []
[2026-01-06T01:19:04.096022+00:00] grav.DEBUG: [Admin] Tools before restore grav: backups,scheduler,logs,reports,direct-install [] []
[2026-01-06T01:19:04.096132+00:00] grav.DEBUG: [Admin] Restore Grav tool enabled [] []
[2026-01-06T01:19:04.096166+00:00] grav.DEBUG: [Admin] Tools after register: backups,scheduler,logs,reports,direct-install,restore-grav [] []
[2026-01-06T01:19:04.402949+00:00] grav.DEBUG: [Admin] Tools before restore grav: backups,scheduler,logs,reports,direct-install [] []
[2026-01-06T01:19:04.403043+00:00] grav.DEBUG: [Admin] Restore Grav tool enabled [] []
[2026-01-06T01:19:04.403058+00:00] grav.DEBUG: [Admin] Tools after register: backups,scheduler,logs,reports,direct-install,restore-grav [] []
[2026-01-06T01:19:44.290936+00:00] grav.DEBUG: [Admin] Tools before restore grav: backups,scheduler,logs,reports,direct-install [] []
[2026-01-06T01:19:44.291486+00:00] grav.DEBUG: [Admin] Restore Grav tool enabled [] []
[2026-01-06T01:19:44.291518+00:00] grav.DEBUG: [Admin] Tools after register: backups,scheduler,logs,reports,direct-install,restore-grav [] []
[2026-01-06T01:19:44.532394+00:00] grav.DEBUG: [Admin] Tools before restore grav: backups,scheduler,logs,reports,direct-install [] []
[2026-01-06T01:19:44.532507+00:00] grav.DEBUG: [Admin] Restore Grav tool enabled [] []
[2026-01-06T01:19:44.532524+00:00] grav.DEBUG: [Admin] Tools after register: backups,scheduler,logs,reports,direct-install,restore-grav [] []
[2026-01-06T01:19:55.984679+00:00] grav.DEBUG: [Admin] Tools before restore grav: backups,scheduler,logs,reports,direct-install [] []
[2026-01-06T01:19:55.984958+00:00] grav.DEBUG: [Admin] Restore Grav tool enabled [] []
[2026-01-06T01:19:55.984977+00:00] grav.DEBUG: [Admin] Tools after register: backups,scheduler,logs,reports,direct-install,restore-grav [] []
[2026-01-06T01:20:36.296633+00:00] grav.DEBUG: [Admin] Tools before restore grav: backups,scheduler,logs,reports,direct-install [] []
[2026-01-06T01:20:36.296876+00:00] grav.DEBUG: [Admin] Restore Grav tool enabled [] []
[2026-01-06T01:20:36.296901+00:00] grav.DEBUG: [Admin] Tools after register: backups,scheduler,logs,reports,direct-install,restore-grav [] []
[2026-01-06T01:20:36.528599+00:00] grav.DEBUG: [Admin] Tools before restore grav: backups,scheduler,logs,reports,direct-install [] []
[2026-01-06T01:20:36.528836+00:00] grav.DEBUG: [Admin] Restore Grav tool enabled [] []
[2026-01-06T01:20:36.528875+00:00] grav.DEBUG: [Admin] Tools after register: backups,scheduler,logs,reports,direct-install,restore-grav [] []
[2026-01-06T01:20:46.948090+00:00] grav.DEBUG: [Admin] Tools before restore grav: backups,scheduler,logs,reports,direct-install [] []
[2026-01-06T01:20:46.948331+00:00] grav.DEBUG: [Admin] Restore Grav tool enabled [] []
[2026-01-06T01:20:46.948356+00:00] grav.DEBUG: [Admin] Tools after register: backups,scheduler,logs,reports,direct-install,restore-grav [] []
[2026-01-06T01:21:17.132917+00:00] grav.DEBUG: [Admin] Tools before restore grav: backups,scheduler,logs,reports,direct-install [] []
[2026-01-06T01:21:17.133222+00:00] grav.DEBUG: [Admin] Restore Grav tool enabled [] []
[2026-01-06T01:21:17.133240+00:00] grav.DEBUG: [Admin] Tools after register: backups,scheduler,logs,reports,direct-install,restore-grav [] []
[2026-01-06T01:21:17.503549+00:00] grav.DEBUG: [Admin] Tools before restore grav: backups,scheduler,logs,reports,direct-install [] []
[2026-01-06T01:21:17.503769+00:00] grav.DEBUG: [Admin] Restore Grav tool enabled [] []
[2026-01-06T01:21:17.503792+00:00] grav.DEBUG: [Admin] Tools after register: backups,scheduler,logs,reports,direct-install,restore-grav [] []
[2026-01-06T01:22:07.151832+00:00] grav.DEBUG: [Admin] Tools before restore grav: backups,scheduler,logs,reports,direct-install [] []
[2026-01-06T01:22:07.152109+00:00] grav.DEBUG: [Admin] Restore Grav tool enabled [] []
[2026-01-06T01:22:07.152486+00:00] grav.DEBUG: [Admin] Tools after register: backups,scheduler,logs,reports,direct-install,restore-grav [] []
[2026-01-06T01:22:07.605227+00:00] grav.DEBUG: [Admin] Tools before restore grav: backups,scheduler,logs,reports,direct-install [] []
[2026-01-06T01:22:07.605350+00:00] grav.DEBUG: [Admin] Restore Grav tool enabled [] []
[2026-01-06T01:22:07.605368+00:00] grav.DEBUG: [Admin] Tools after register: backups,scheduler,logs,reports,direct-install,restore-grav [] []
[2026-01-06T01:23:44.511920+00:00] grav.DEBUG: [Admin] Tools before restore grav: backups,scheduler,logs,reports,direct-install [] []
[2026-01-06T01:23:44.513693+00:00] grav.DEBUG: [Admin] Restore Grav tool enabled [] []
[2026-01-06T01:23:44.513711+00:00] grav.DEBUG: [Admin] Tools after register: backups,scheduler,logs,reports,direct-install,restore-grav [] []
[2026-01-06T01:23:44.793082+00:00] grav.DEBUG: [Admin] Tools before restore grav: backups,scheduler,logs,reports,direct-install [] []
[2026-01-06T01:23:44.793195+00:00] grav.DEBUG: [Admin] Restore Grav tool enabled [] []
[2026-01-06T01:23:44.793213+00:00] grav.DEBUG: [Admin] Tools after register: backups,scheduler,logs,reports,direct-install,restore-grav [] []
[2026-01-06T01:24:01.278132+00:00] grav.DEBUG: [Admin] Tools before restore grav: backups,scheduler,logs,reports,direct-install [] []
[2026-01-06T01:24:01.278284+00:00] grav.DEBUG: [Admin] Restore Grav tool enabled [] []
[2026-01-06T01:24:01.278304+00:00] grav.DEBUG: [Admin] Tools after register: backups,scheduler,logs,reports,direct-install,restore-grav [] []
[2026-01-06T01:24:01.549621+00:00] grav.DEBUG: [Admin] Tools before restore grav: backups,scheduler,logs,reports,direct-install [] []
[2026-01-06T01:24:01.549730+00:00] grav.DEBUG: [Admin] Restore Grav tool enabled [] []
[2026-01-06T01:24:01.549746+00:00] grav.DEBUG: [Admin] Tools after register: backups,scheduler,logs,reports,direct-install,restore-grav [] []
[2026-01-06T01:24:11.695046+00:00] grav.DEBUG: [Admin] Tools before restore grav: backups,scheduler,logs,reports,direct-install [] []
[2026-01-06T01:24:11.695758+00:00] grav.DEBUG: [Admin] Restore Grav tool enabled [] []
[2026-01-06T01:24:11.695985+00:00] grav.DEBUG: [Admin] Tools after register: backups,scheduler,logs,reports,direct-install,restore-grav [] []
[2026-01-06T01:24:11.701555+00:00] grav.DEBUG: [Admin] Tools before restore grav: backups,scheduler,logs,reports,direct-install [] []
[2026-01-06T01:24:11.701683+00:00] grav.DEBUG: [Admin] Restore Grav tool enabled [] []
[2026-01-06T01:24:11.701728+00:00] grav.DEBUG: [Admin] Tools after register: backups,scheduler,logs,reports,direct-install,restore-grav [] []
[2026-01-06T01:24:11.941675+00:00] grav.DEBUG: [Admin] Tools before restore grav: backups,scheduler,logs,reports,direct-install [] []
[2026-01-06T01:24:11.941771+00:00] grav.DEBUG: [Admin] Restore Grav tool enabled [] []
[2026-01-06T01:24:11.941787+00:00] grav.DEBUG: [Admin] Tools after register: backups,scheduler,logs,reports,direct-install,restore-grav [] []
[2026-01-06T01:24:22.038887+00:00] grav.DEBUG: [Admin] Tools before restore grav: backups,scheduler,logs,reports,direct-install [] []
[2026-01-06T01:24:22.039027+00:00] grav.DEBUG: [Admin] Restore Grav tool enabled [] []
[2026-01-06T01:24:22.039045+00:00] grav.DEBUG: [Admin] Tools after register: backups,scheduler,logs,reports,direct-install,restore-grav [] []
[2026-01-06T01:24:22.059435+00:00] grav.DEBUG: [Admin] Tools before restore grav: backups,scheduler,logs,reports,direct-install [] []
[2026-01-06T01:24:22.059672+00:00] grav.DEBUG: [Admin] Restore Grav tool enabled [] []
[2026-01-06T01:24:22.059698+00:00] grav.DEBUG: [Admin] Tools after register: backups,scheduler,logs,reports,direct-install,restore-grav [] []
[2026-01-06T01:24:22.317171+00:00] grav.DEBUG: [Admin] Tools before restore grav: backups,scheduler,logs,reports,direct-install [] []
[2026-01-06T01:24:22.317334+00:00] grav.DEBUG: [Admin] Restore Grav tool enabled [] []
[2026-01-06T01:24:22.317364+00:00] grav.DEBUG: [Admin] Tools after register: backups,scheduler,logs,reports,direct-install,restore-grav [] []
[2026-01-06T01:24:26.549878+00:00] grav.DEBUG: [Admin] Tools before restore grav: backups,scheduler,logs,reports,direct-install [] []
[2026-01-06T01:24:26.550007+00:00] grav.DEBUG: [Admin] Restore Grav tool enabled [] []
[2026-01-06T01:24:26.550024+00:00] grav.DEBUG: [Admin] Tools after register: backups,scheduler,logs,reports,direct-install,restore-grav [] []
[2026-01-06T01:24:26.720067+00:00] grav.DEBUG: [Admin] Tools before restore grav: backups,scheduler,logs,reports,direct-install [] []
[2026-01-06T01:24:26.720763+00:00] grav.DEBUG: [Admin] Restore Grav tool enabled [] []
[2026-01-06T01:24:26.720795+00:00] grav.DEBUG: [Admin] Tools after register: backups,scheduler,logs,reports,direct-install,restore-grav [] []
[2026-01-06T01:24:37.478266+00:00] grav.CRITICAL: session_start(): Ignoring session_start() because a session is already active (started from /Users/syedaalin/Documents/Grav/system/src/Grav/Framework/Session/Session.php on line 212) - Trace: #0 /Users/syedaalin/Documents/Grav/system/src/Grav/Common/Debugger.php(840): Whoops\Run->handleError(8, 'session_start()...', '/Users/syedaali...', 11) #1 [internal function]: Grav\Common\Debugger->deprecatedErrorHandler(8, 'session_start()...', '/Users/syedaali...', 11) #2 /Users/syedaalin/Documents/Grav/system/recovery.php(11): session_start(Array) #3 /Users/syedaalin/Documents/Grav/index.php(121): require('/Users/syedaali...') #4 /Users/syedaalin/Documents/Grav/system/router.php(55): require('/Users/syedaali...') #5 {main} [] []
[2026-01-06T01:26:03.544926+00:00] grav.DEBUG: [Admin] Tools before restore grav: backups,scheduler,logs,reports,direct-install [] []
[2026-01-06T01:26:03.545208+00:00] grav.DEBUG: [Admin] Restore Grav tool enabled [] []
[2026-01-06T01:26:03.545225+00:00] grav.DEBUG: [Admin] Tools after register: backups,scheduler,logs,reports,direct-install,restore-grav [] []
[2026-01-06T01:26:03.879598+00:00] grav.DEBUG: [Admin] Tools before restore grav: backups,scheduler,logs,reports,direct-install [] []
[2026-01-06T01:26:03.879694+00:00] grav.DEBUG: [Admin] Restore Grav tool enabled [] []
[2026-01-06T01:26:03.879710+00:00] grav.DEBUG: [Admin] Tools after register: backups,scheduler,logs,reports,direct-install,restore-grav [] []
[2026-01-06T01:26:14.835005+00:00] grav.DEBUG: [Admin] Tools before restore grav: backups,scheduler,logs,reports,direct-install [] []
[2026-01-06T01:26:14.835351+00:00] grav.DEBUG: [Admin] Restore Grav tool enabled [] []
[2026-01-06T01:26:14.835445+00:00] grav.DEBUG: [Admin] Tools after register: backups,scheduler,logs,reports,direct-install,restore-grav [] []
[2026-01-06T01:26:14.857383+00:00] grav.DEBUG: [Admin] Tools before restore grav: backups,scheduler,logs,reports,direct-install [] []
[2026-01-06T01:26:14.857462+00:00] grav.DEBUG: [Admin] Restore Grav tool enabled [] []
[2026-01-06T01:26:14.857479+00:00] grav.DEBUG: [Admin] Tools after register: backups,scheduler,logs,reports,direct-install,restore-grav [] []
[2026-01-06T01:26:15.134605+00:00] grav.DEBUG: [Admin] Tools before restore grav: backups,scheduler,logs,reports,direct-install [] []
[2026-01-06T01:26:15.134733+00:00] grav.DEBUG: [Admin] Restore Grav tool enabled [] []
[2026-01-06T01:26:15.134758+00:00] grav.DEBUG: [Admin] Tools after register: backups,scheduler,logs,reports,direct-install,restore-grav [] []
[2026-01-06T01:26:21.998032+00:00] grav.DEBUG: [Admin] Tools before restore grav: backups,scheduler,logs,reports,direct-install [] []
[2026-01-06T01:26:21.998156+00:00] grav.DEBUG: [Admin] Restore Grav tool enabled [] []
[2026-01-06T01:26:21.998174+00:00] grav.DEBUG: [Admin] Tools after register: backups,scheduler,logs,reports,direct-install,restore-grav [] []
[2026-01-06T01:26:22.216701+00:00] grav.DEBUG: [Admin] Tools before restore grav: backups,scheduler,logs,reports,direct-install [] []
[2026-01-06T01:26:22.216806+00:00] grav.DEBUG: [Admin] Restore Grav tool enabled [] []
[2026-01-06T01:26:22.216822+00:00] grav.DEBUG: [Admin] Tools after register: backups,scheduler,logs,reports,direct-install,restore-grav [] []
[2026-01-06T01:26:43.166511+00:00] grav.DEBUG: [Admin] Tools before restore grav: backups,scheduler,logs,reports,direct-install [] []
[2026-01-06T01:26:43.166776+00:00] grav.DEBUG: [Admin] Restore Grav tool enabled [] []
[2026-01-06T01:26:43.166801+00:00] grav.DEBUG: [Admin] Tools after register: backups,scheduler,logs,reports,direct-install,restore-grav [] []
[2026-01-06T01:26:43.406598+00:00] grav.DEBUG: [Admin] Tools before restore grav: backups,scheduler,logs,reports,direct-install [] []
[2026-01-06T01:26:43.406693+00:00] grav.DEBUG: [Admin] Restore Grav tool enabled [] []
[2026-01-06T01:26:43.406708+00:00] grav.DEBUG: [Admin] Tools after register: backups,scheduler,logs,reports,direct-install,restore-grav [] []
[2026-01-06T01:27:12.107657+00:00] grav.DEBUG: [Admin] Tools before restore grav: backups,scheduler,logs,reports,direct-install [] []
[2026-01-06T01:27:12.108214+00:00] grav.DEBUG: [Admin] Restore Grav tool enabled [] []
[2026-01-06T01:27:12.108233+00:00] grav.DEBUG: [Admin] Tools after register: backups,scheduler,logs,reports,direct-install,restore-grav [] []
[2026-01-06T01:27:12.491008+00:00] grav.DEBUG: [Admin] Tools before restore grav: backups,scheduler,logs,reports,direct-install [] []
[2026-01-06T01:27:12.491291+00:00] grav.DEBUG: [Admin] Restore Grav tool enabled [] []
[2026-01-06T01:27:12.491326+00:00] grav.DEBUG: [Admin] Tools after register: backups,scheduler,logs,reports,direct-install,restore-grav [] []
[2026-01-06T01:27:37.043154+00:00] grav.DEBUG: [Admin] Tools before restore grav: backups,scheduler,logs,reports,direct-install [] []
[2026-01-06T01:27:37.043298+00:00] grav.DEBUG: [Admin] Restore Grav tool enabled [] []
[2026-01-06T01:27:37.043315+00:00] grav.DEBUG: [Admin] Tools after register: backups,scheduler,logs,reports,direct-install,restore-grav [] []
[2026-01-06T01:27:37.053152+00:00] grav.DEBUG: [Admin] Tools before restore grav: backups,scheduler,logs,reports,direct-install [] []
[2026-01-06T01:27:37.053203+00:00] grav.DEBUG: [Admin] Restore Grav tool enabled [] []
[2026-01-06T01:27:37.053218+00:00] grav.DEBUG: [Admin] Tools after register: backups,scheduler,logs,reports,direct-install,restore-grav [] []
[2026-01-06T01:27:37.230448+00:00] grav.DEBUG: [Admin] Tools before restore grav: backups,scheduler,logs,reports,direct-install [] []
[2026-01-06T01:27:37.230544+00:00] grav.DEBUG: [Admin] Restore Grav tool enabled [] []
[2026-01-06T01:27:37.230559+00:00] grav.DEBUG: [Admin] Tools after register: backups,scheduler,logs,reports,direct-install,restore-grav [] []
[2026-01-06T01:27:46.490803+00:00] grav.DEBUG: [Admin] Tools before restore grav: backups,scheduler,logs,reports,direct-install [] []
[2026-01-06T01:27:46.490957+00:00] grav.DEBUG: [Admin] Restore Grav tool enabled [] []
[2026-01-06T01:27:46.490975+00:00] grav.DEBUG: [Admin] Tools after register: backups,scheduler,logs,reports,direct-install,restore-grav [] []
[2026-01-06T01:27:46.494428+00:00] grav.DEBUG: [Admin] Tools before restore grav: backups,scheduler,logs,reports,direct-install [] []
[2026-01-06T01:27:46.494470+00:00] grav.DEBUG: [Admin] Restore Grav tool enabled [] []
[2026-01-06T01:27:46.494485+00:00] grav.DEBUG: [Admin] Tools after register: backups,scheduler,logs,reports,direct-install,restore-grav [] []
[2026-01-06T01:27:46.787449+00:00] grav.DEBUG: [Admin] Tools before restore grav: backups,scheduler,logs,reports,direct-install [] []
[2026-01-06T01:27:46.787551+00:00] grav.DEBUG: [Admin] Restore Grav tool enabled [] []
[2026-01-06T01:27:46.787567+00:00] grav.DEBUG: [Admin] Tools after register: backups,scheduler,logs,reports,direct-install,restore-grav [] []
[2026-01-06T01:28:05.328256+00:00] grav.DEBUG: [Admin] Tools before restore grav: backups,scheduler,logs,reports,direct-install [] []
[2026-01-06T01:28:05.328644+00:00] grav.DEBUG: [Admin] Restore Grav tool enabled [] []
[2026-01-06T01:28:05.328664+00:00] grav.DEBUG: [Admin] Tools after register: backups,scheduler,logs,reports,direct-install,restore-grav [] []
[2026-01-06T01:28:05.547364+00:00] grav.DEBUG: [Admin] Tools before restore grav: backups,scheduler,logs,reports,direct-install [] []
[2026-01-06T01:28:05.547521+00:00] grav.DEBUG: [Admin] Restore Grav tool enabled [] []
[2026-01-06T01:28:05.547547+00:00] grav.DEBUG: [Admin] Tools after register: backups,scheduler,logs,reports,direct-install,restore-grav [] []
[2026-01-06T01:28:18.694531+00:00] grav.DEBUG: [Admin] Tools before restore grav: backups,scheduler,logs,reports,direct-install [] []
[2026-01-06T01:28:18.694822+00:00] grav.DEBUG: [Admin] Restore Grav tool enabled [] []
[2026-01-06T01:28:18.694844+00:00] grav.DEBUG: [Admin] Tools after register: backups,scheduler,logs,reports,direct-install,restore-grav [] []
[2026-01-06T01:28:30.378264+00:00] grav.DEBUG: [Admin] Tools before restore grav: backups,scheduler,logs,reports,direct-install [] []
[2026-01-06T01:28:30.378615+00:00] grav.DEBUG: [Admin] Restore Grav tool enabled [] []
[2026-01-06T01:28:30.378641+00:00] grav.DEBUG: [Admin] Tools after register: backups,scheduler,logs,reports,direct-install,restore-grav [] []
[2026-01-06T01:28:30.403469+00:00] grav.DEBUG: [Admin] Tools before restore grav: backups,scheduler,logs,reports,direct-install [] []
[2026-01-06T01:28:30.403586+00:00] grav.DEBUG: [Admin] Restore Grav tool enabled [] []
[2026-01-06T01:28:30.403602+00:00] grav.DEBUG: [Admin] Tools after register: backups,scheduler,logs,reports,direct-install,restore-grav [] []
[2026-01-06T01:28:30.616157+00:00] grav.DEBUG: [Admin] Tools before restore grav: backups,scheduler,logs,reports,direct-install [] []
[2026-01-06T01:28:30.616258+00:00] grav.DEBUG: [Admin] Restore Grav tool enabled [] []
[2026-01-06T01:28:30.616277+00:00] grav.DEBUG: [Admin] Tools after register: backups,scheduler,logs,reports,direct-install,restore-grav [] []
[2026-01-06T01:28:41.721113+00:00] grav.DEBUG: [Admin] Tools before restore grav: backups,scheduler,logs,reports,direct-install [] []
[2026-01-06T01:28:41.721535+00:00] grav.DEBUG: [Admin] Restore Grav tool enabled [] []
[2026-01-06T01:28:41.721558+00:00] grav.DEBUG: [Admin] Tools after register: backups,scheduler,logs,reports,direct-install,restore-grav [] []
[2026-01-06T01:28:42.054049+00:00] grav.DEBUG: [Admin] Tools before restore grav: backups,scheduler,logs,reports,direct-install [] []
[2026-01-06T01:28:42.054219+00:00] grav.DEBUG: [Admin] Restore Grav tool enabled [] []
[2026-01-06T01:28:42.054237+00:00] grav.DEBUG: [Admin] Tools after register: backups,scheduler,logs,reports,direct-install,restore-grav [] []
[2026-01-06T01:29:36.794993+00:00] grav.DEBUG: [Admin] Tools before restore grav: backups,scheduler,logs,reports,direct-install [] []
[2026-01-06T01:29:36.795260+00:00] grav.DEBUG: [Admin] Restore Grav tool enabled [] []
[2026-01-06T01:29:36.795280+00:00] grav.DEBUG: [Admin] Tools after register: backups,scheduler,logs,reports,direct-install,restore-grav [] []
[2026-01-06T01:29:37.012379+00:00] grav.DEBUG: [Admin] Tools before restore grav: backups,scheduler,logs,reports,direct-install [] []
[2026-01-06T01:29:37.012488+00:00] grav.DEBUG: [Admin] Restore Grav tool enabled [] []
[2026-01-06T01:29:37.012504+00:00] grav.DEBUG: [Admin] Tools after register: backups,scheduler,logs,reports,direct-install,restore-grav [] []
[2026-01-06T01:29:54.193954+00:00] grav.DEBUG: [Admin] Tools before restore grav: backups,scheduler,logs,reports,direct-install [] []
[2026-01-06T01:29:54.194290+00:00] grav.DEBUG: [Admin] Restore Grav tool enabled [] []
[2026-01-06T01:29:54.194321+00:00] grav.DEBUG: [Admin] Tools after register: backups,scheduler,logs,reports,direct-install,restore-grav [] []
[2026-01-06T01:29:54.327703+00:00] grav.DEBUG: [Admin] Tools before restore grav: backups,scheduler,logs,reports,direct-install [] []
[2026-01-06T01:29:54.327797+00:00] grav.DEBUG: [Admin] Restore Grav tool enabled [] []
[2026-01-06T01:29:54.327813+00:00] grav.DEBUG: [Admin] Tools after register: backups,scheduler,logs,reports,direct-install,restore-grav [] []
[2026-01-06T01:30:08.319148+00:00] grav.DEBUG: [Admin] Tools before restore grav: backups,scheduler,logs,reports,direct-install [] []
[2026-01-06T01:30:08.319447+00:00] grav.DEBUG: [Admin] Restore Grav tool enabled [] []
[2026-01-06T01:30:08.319490+00:00] grav.DEBUG: [Admin] Tools after register: backups,scheduler,logs,reports,direct-install,restore-grav [] []
[2026-01-06T01:30:15.622227+00:00] grav.DEBUG: [Admin] Tools before restore grav: backups,scheduler,logs,reports,direct-install [] []
[2026-01-06T01:30:15.622386+00:00] grav.DEBUG: [Admin] Restore Grav tool enabled [] []
[2026-01-06T01:30:15.622410+00:00] grav.DEBUG: [Admin] Tools after register: backups,scheduler,logs,reports,direct-install,restore-grav [] []
[2026-01-06T01:30:15.914237+00:00] grav.DEBUG: [Admin] Tools before restore grav: backups,scheduler,logs,reports,direct-install [] []
[2026-01-06T01:30:15.914452+00:00] grav.DEBUG: [Admin] Restore Grav tool enabled [] []
[2026-01-06T01:30:15.914475+00:00] grav.DEBUG: [Admin] Tools after register: backups,scheduler,logs,reports,direct-install,restore-grav [] []
[2026-01-06T01:30:45.417078+00:00] grav.DEBUG: [Admin] Tools before restore grav: backups,scheduler,logs,reports,direct-install [] []
[2026-01-06T01:30:45.417461+00:00] grav.DEBUG: [Admin] Restore Grav tool enabled [] []
[2026-01-06T01:30:45.417529+00:00] grav.DEBUG: [Admin] Tools after register: backups,scheduler,logs,reports,direct-install,restore-grav [] []
[2026-01-06T01:30:45.566587+00:00] grav.DEBUG: [Admin] Tools before restore grav: backups,scheduler,logs,reports,direct-install [] []
[2026-01-06T01:30:45.566678+00:00] grav.DEBUG: [Admin] Restore Grav tool enabled [] []
[2026-01-06T01:30:45.566695+00:00] grav.DEBUG: [Admin] Tools after register: backups,scheduler,logs,reports,direct-install,restore-grav [] []
[2026-01-06T01:30:51.231493+00:00] grav.DEBUG: [Admin] Tools before restore grav: backups,scheduler,logs,reports,direct-install [] []
[2026-01-06T01:30:51.231623+00:00] grav.DEBUG: [Admin] Restore Grav tool enabled [] []
[2026-01-06T01:30:51.231641+00:00] grav.DEBUG: [Admin] Tools after register: backups,scheduler,logs,reports,direct-install,restore-grav [] []
[2026-01-06T01:30:54.720250+00:00] grav.DEBUG: [Admin] Tools before restore grav: backups,scheduler,logs,reports,direct-install [] []
[2026-01-06T01:30:54.720410+00:00] grav.DEBUG: [Admin] Restore Grav tool enabled [] []
[2026-01-06T01:30:54.720426+00:00] grav.DEBUG: [Admin] Tools after register: backups,scheduler,logs,reports,direct-install,restore-grav [] []
[2026-01-06T01:31:01.835851+00:00] grav.DEBUG: [Admin] Tools before restore grav: backups,scheduler,logs,reports,direct-install [] []
[2026-01-06T01:31:01.837112+00:00] grav.DEBUG: [Admin] Restore Grav tool enabled [] []
[2026-01-06T01:31:01.837135+00:00] grav.DEBUG: [Admin] Tools after register: backups,scheduler,logs,reports,direct-install,restore-grav [] []
[2026-01-06T04:33:33.085570+00:00] grav.CRITICAL: session_start(): Ignoring session_start() because a session is already active (started from /Users/syedaalin/Documents/Grav/system/src/Grav/Framework/Session/Session.php on line 212) - Trace: #0 /Users/syedaalin/Documents/Grav/system/src/Grav/Common/Debugger.php(840): Whoops\Run->handleError(8, 'session_start()...', '/Users/syedaali...', 11) #1 [internal function]: Grav\Common\Debugger->deprecatedErrorHandler(8, 'session_start()...', '/Users/syedaali...', 11) #2 /Users/syedaalin/Documents/Grav/system/recovery.php(11): session_start(Array) #3 /Users/syedaalin/Documents/Grav/index.php(121): require('/Users/syedaali...') #4 /Users/syedaalin/Documents/Grav/system/router.php(55): require('/Users/syedaali...') #5 {main} [] []
